# JRE version: OpenJDK Runtime Environment (8.0_262-b10) (build 1.8.0_262-b10)
# Java VM: OpenJDK 64-Bit Server VM (25.262-b10 mixed mode windows-amd64 compressed oops)
Heap:
 PSYoungGen      total 110592K, used 24792K [0x00000000f5580000, 0x00000000fd300000, 0x0000000100000000)
  eden space 98304K, 12% used [0x00000000f5580000,0x00000000f61b8028,0x00000000fb580000)
  from space 12288K, 99% used [0x00000000fc700000,0x00000000fd2fe368,0x00000000fd300000)
  to   space 12288K, 0% used [0x00000000fb580000,0x00000000fb580000,0x00000000fc180000)
 ParOldGen       total 175104K, used 16003K [0x00000000e0000000, 0x00000000eab00000, 0x00000000f5580000)
  object space 175104K, 9% used [0x00000000e0000000,0x00000000e0fa0f68,0x00000000eab00000)
 Metaspace       used 45884K, capacity 47584K, committed 47784K, reserved 1091584K
  class space    used 6072K, capacity 6535K, committed 6576K, reserved 1048576K
GC Heap History (10 events):
Event: 714.904 GC heap before
{Heap before GC invocations=6 (full 1):
 PSYoungGen      total 76288K, used 65536K [0x00000000f5580000, 0x00000000fea80000, 0x0000000100000000)
  eden space 65536K, 100% used [0x00000000f5580000,0x00000000f9580000,0x00000000f9580000)
  from space 10752K, 0% used [0x00000000fa000000,0x00000000fa000000,0x00000000faa80000)
  to   space 10752K, 0% used [0x00000000f9580000,0x00000000f9580000,0x00000000fa000000)
 ParOldGen       total 175104K, used 7342K [0x00000000e0000000, 0x00000000eab00000, 0x00000000f5580000)
  object space 175104K, 4% used [0x00000000e0000000,0x00000000e072b818,0x00000000eab00000)
 Metaspace       used 30016K, capacity 30772K, committed 30896K, reserved 1075200K
  class space    used 4036K, capacity 4258K, committed 4272K, reserved 1048576K
Event: 715.228 GC heap after
Heap after GC invocations=6 (full 1):
 PSYoungGen      total 76288K, used 8648K [0x00000000f5580000, 0x00000000fcf00000, 0x0000000100000000)
  eden space 65536K, 0% used [0x00000000f5580000,0x00000000f5580000,0x00000000f9580000)
  from space 10752K, 80% used [0x00000000f9580000,0x00000000f9df21e0,0x00000000fa000000)
  to   space 11776K, 0% used [0x00000000fc380000,0x00000000fc380000,0x00000000fcf00000)
 ParOldGen       total 175104K, used 7350K [0x00000000e0000000, 0x00000000eab00000, 0x00000000f5580000)
  object space 175104K, 4% used [0x00000000e0000000,0x00000000e072d818,0x00000000eab00000)
 Metaspace       used 30016K, capacity 30772K, committed 30896K, reserved 1075200K
  class space    used 4036K, capacity 4258K, committed 4272K, reserved 1048576K
}
Event: 1098.292 GC heap before
{Heap before GC invocations=7 (full 1):
 PSYoungGen      total 76288K, used 73403K [0x00000000f5580000, 0x00000000fcf00000, 0x0000000100000000)
  eden space 65536K, 98% used [0x00000000f5580000,0x00000000f94bcd38,0x00000000f9580000)
  from space 10752K, 80% used [0x00000000f9580000,0x00000000f9df21e0,0x00000000fa000000)
  to   space 11776K, 0% used [0x00000000fc380000,0x00000000fc380000,0x00000000fcf00000)
 ParOldGen       total 175104K, used 7350K [0x00000000e0000000, 0x00000000eab00000, 0x00000000f5580000)
  object space 175104K, 4% used [0x00000000e0000000,0x00000000e072d818,0x00000000eab00000)
 Metaspace       used 34287K, capacity 35262K, committed 35496K, reserved 1079296K
  class space    used 4486K, capacity 4762K, committed 4784K, reserved 1048576K
Event: 1098.358 GC heap after
Heap after GC invocations=7 (full 1):
 PSYoungGen      total 74752K, used 9838K [0x00000000f5580000, 0x00000000fcd80000, 0x0000000100000000)
  eden space 64512K, 0% used [0x00000000f5580000,0x00000000f5580000,0x00000000f9480000)
  from space 10240K, 96% used [0x00000000fc380000,0x00000000fcd1b8d8,0x00000000fcd80000)
  to   space 12288K, 0% used [0x00000000fb580000,0x00000000fb580000,0x00000000fc180000)
 ParOldGen       total 175104K, used 7358K [0x00000000e0000000, 0x00000000eab00000, 0x00000000f5580000)
  object space 175104K, 4% used [0x00000000e0000000,0x00000000e072f818,0x00000000eab00000)
 Metaspace       used 34287K, capacity 35262K, committed 35496K, reserved 1079296K
  class space    used 4486K, capacity 4762K, committed 4784K, reserved 1048576K
}
Event: 1098.358 GC heap before
{Heap before GC invocations=8 (full 2):
 PSYoungGen      total 74752K, used 9838K [0x00000000f5580000, 0x00000000fcd80000, 0x0000000100000000)
  eden space 64512K, 0% used [0x00000000f5580000,0x00000000f5580000,0x00000000f9480000)
  from space 10240K, 96% used [0x00000000fc380000,0x00000000fcd1b8d8,0x00000000fcd80000)
  to   space 12288K, 0% used [0x00000000fb580000,0x00000000fb580000,0x00000000fc180000)
 ParOldGen       total 175104K, used 7358K [0x00000000e0000000, 0x00000000eab00000, 0x00000000f5580000)
  object space 175104K, 4% used [0x00000000e0000000,0x00000000e072f818,0x00000000eab00000)
 Metaspace       used 34287K, capacity 35262K, committed 35496K, reserved 1079296K
  class space    used 4486K, capacity 4762K, committed 4784K, reserved 1048576K
Event: 1098.803 GC heap after
Heap after GC invocations=8 (full 2):
 PSYoungGen      total 74752K, used 0K [0x00000000f5580000, 0x00000000fcd80000, 0x0000000100000000)
  eden space 64512K, 0% used [0x00000000f5580000,0x00000000f5580000,0x00000000f9480000)
  from space 10240K, 0% used [0x00000000fc380000,0x00000000fc380000,0x00000000fcd80000)
  to   space 12288K, 0% used [0x00000000fb580000,0x00000000fb580000,0x00000000fc180000)
 ParOldGen       total 175104K, used 15188K [0x00000000e0000000, 0x00000000eab00000, 0x00000000f5580000)
  object space 175104K, 8% used [0x00000000e0000000,0x00000000e0ed5290,0x00000000eab00000)
 Metaspace       used 34089K, capacity 34924K, committed 35496K, reserved 1079296K
  class space    used 4448K, capacity 4690K, committed 4784K, reserved 1048576K
}
Event: 1100.973 GC heap before
{Heap before GC invocations=9 (full 2):
 PSYoungGen      total 74752K, used 64512K [0x00000000f5580000, 0x00000000fcd80000, 0x0000000100000000)
  eden space 64512K, 100% used [0x00000000f5580000,0x00000000f9480000,0x00000000f9480000)
  from space 10240K, 0% used [0x00000000fc380000,0x00000000fc380000,0x00000000fcd80000)
  to   space 12288K, 0% used [0x00000000fb580000,0x00000000fb580000,0x00000000fc180000)
 ParOldGen       total 175104K, used 15188K [0x00000000e0000000, 0x00000000eab00000, 0x00000000f5580000)
  object space 175104K, 8% used [0x00000000e0000000,0x00000000e0ed5290,0x00000000eab00000)
 Metaspace       used 36899K, capacity 37856K, committed 38056K, reserved 1081344K
  class space    used 4940K, capacity 5237K, committed 5296K, reserved 1048576K
Event: 1100.990 GC heap after
Heap after GC invocations=9 (full 2):
 PSYoungGen      total 110592K, used 5619K [0x00000000f5580000, 0x00000000fd300000, 0x0000000100000000)
  eden space 98304K, 0% used [0x00000000f5580000,0x00000000f5580000,0x00000000fb580000)
  from space 12288K, 45% used [0x00000000fb580000,0x00000000fbafce58,0x00000000fc180000)
  to   space 12288K, 0% used [0x00000000fc700000,0x00000000fc700000,0x00000000fd300000)
 ParOldGen       total 175104K, used 15196K [0x00000000e0000000, 0x00000000eab00000, 0x00000000f5580000)
  object space 175104K, 8% used [0x00000000e0000000,0x00000000e0ed7290,0x00000000eab00000)
 Metaspace       used 36899K, capacity 37856K, committed 38056K, reserved 1081344K
  class space    used 4940K, capacity 5237K, committed 5296K, reserved 1048576K
}
Event: 1104.316 GC heap before
{Heap before GC invocations=10 (full 2):
 PSYoungGen      total 110592K, used 103923K [0x00000000f5580000, 0x00000000fd300000, 0x0000000100000000)
  eden space 98304K, 100% used [0x00000000f5580000,0x00000000fb580000,0x00000000fb580000)
  from space 12288K, 45% used [0x00000000fb580000,0x00000000fbafce58,0x00000000fc180000)
  to   space 12288K, 0% used [0x00000000fc700000,0x00000000fc700000,0x00000000fd300000)
 ParOldGen       total 175104K, used 15196K [0x00000000e0000000, 0x00000000eab00000, 0x00000000f5580000)
  object space 175104K, 8% used [0x00000000e0000000,0x00000000e0ed7290,0x00000000eab00000)
 Metaspace       used 44785K, capacity 46246K, committed 46632K, reserved 1089536K
  class space    used 5925K, capacity 6338K, committed 6448K, reserved 1048576K
Event: 1104.335 GC heap after
Heap after GC invocations=10 (full 2):
 PSYoungGen      total 110592K, used 12280K [0x00000000f5580000, 0x00000000fd300000, 0x0000000100000000)
  eden space 98304K, 0% used [0x00000000f5580000,0x00000000f5580000,0x00000000fb580000)
  from space 12288K, 99% used [0x00000000fc700000,0x00000000fd2fe368,0x00000000fd300000)
  to   space 12288K, 0% used [0x00000000fb580000,0x00000000fb580000,0x00000000fc180000)
 ParOldGen       total 175104K, used 16003K [0x00000000e0000000, 0x00000000eab00000, 0x00000000f5580000)
  object space 175104K, 9% used [0x00000000e0000000,0x00000000e0fa0f68,0x00000000eab00000)
 Metaspace       used 44785K, capacity 46246K, committed 46632K, reserved 1089536K
  class space    used 5925K, capacity 6338K, committed 6448K, reserved 1048576K
}

